TN:
SF:src/lib/limits.ts
FN:20,byteLength
FN:24,formatBytes
FN:41,checkLimit
FN:47,checkTextLimit
FN:52,limitFraction
FNF:5
FNH:5
FNDA:6,byteLength
FNDA:13,formatBytes
FNDA:5,checkLimit
FNDA:2,checkTextLimit
FNDA:3,limitFraction
DA:7,1
DA:9,1
DA:11,1
DA:13,1
DA:14,1
DA:18,1
DA:20,1
DA:21,6
DA:22,6
DA:24,1
DA:25,13
DA:26,13
DA:27,1
DA:28,1
DA:30,1
DA:31,1
DA:32,1
DA:33,1
DA:34,1
DA:41,1
DA:42,5
DA:43,5
DA:44,3
DA:45,3
DA:47,1
DA:48,2
DA:49,2
DA:52,1
DA:53,3
DA:54,3
LF:30
LH:30
BRDA:20,0,0,6
BRDA:24,1,0,13
BRDA:25,2,0,3
BRDA:25,3,0,10
BRDA:26,4,0,9
BRDA:26,5,0,2
BRDA:26,6,0,7
BRDA:26,7,0,1
BRDA:41,8,0,5
BRDA:43,9,0,2
BRDA:43,10,0,3
BRDA:47,11,0,2
BRDA:52,12,0,3
BRF:13
BRH:13
end_of_record
TN:
SF:src/lib/message-state.ts
FN:22,deliveryOrder
FN:32,laneRank
FN:37,senderLabel
FN:42,senderKind
FN:47,nextForAgent
FN:51,displayState
FNF:6
FNH:6
FNDA:13,deliveryOrder
FNDA:48,laneRank
FNDA:7,senderLabel
FNDA:7,senderKind
FNDA:7,nextForAgent
FNDA:8,displayState
DA:22,1
DA:23,13
DA:24,13
DA:25,13
DA:26,24
DA:27,24
DA:28,15
DA:29,13
DA:30,13
DA:32,48
DA:33,48
DA:34,48
DA:37,1
DA:38,7
DA:39,7
DA:42,1
DA:43,7
DA:44,7
DA:47,1
DA:48,7
DA:49,7
DA:51,1
DA:52,8
DA:53,8
DA:54,8
DA:55,8
DA:56,8
DA:57,1
DA:58,1
DA:59,1
DA:61,1
DA:62,1
DA:63,1
DA:64,1
DA:65,8
DA:66,1
DA:67,1
DA:68,1
DA:69,1
DA:70,1
DA:71,1
DA:72,1
DA:73,8
DA:74,1
DA:75,1
DA:76,1
DA:77,1
DA:78,1
DA:79,1
DA:80,1
DA:81,8
DA:82,2
DA:83,2
DA:84,2
DA:85,2
DA:86,2
DA:87,2
DA:88,2
DA:89,3
DA:90,3
DA:91,3
DA:92,3
DA:93,3
DA:94,3
DA:95,3
DA:96,0
DA:97,8
DA:98,8
DA:99,8
LF:69
LH:68
BRDA:22,0,0,13
BRDA:24,1,0,34
BRDA:24,2,0,33
BRDA:24,3,0,31
BRDA:25,4,0,24
BRDA:27,5,0,9
BRDA:27,6,0,15
BRDA:32,7,0,48
BRDA:33,8,0,11
BRDA:33,9,0,37
BRDA:37,10,0,7
BRDA:38,11,0,3
BRDA:38,12,0,4
BRDA:38,13,0,2
BRDA:38,14,0,2
BRDA:42,15,0,7
BRDA:43,16,0,3
BRDA:43,17,0,4
BRDA:47,18,0,7
BRDA:48,19,0,1
BRDA:51,20,0,8
BRDA:56,21,0,1
BRDA:64,22,0,7
BRDA:65,23,0,1
BRDA:72,24,0,6
BRDA:73,25,0,1
BRDA:80,26,0,5
BRDA:81,27,0,2
BRDA:88,28,0,3
BRDA:95,29,0,2
BRDA:95,30,0,1
BRDA:95,31,0,0
BRDA:89,32,0,7
BRF:33
BRH:32
end_of_record
TN:
SF:src/lib/validate.ts
FN:4,validateNodeName
FN:14,validateEndpointPath
FN:21,validateColumnName
FN:28,validateChestKey
FN:36,suggestName
FNF:5
FNH:5
FNDA:18,validateNodeName
FNDA:6,validateEndpointPath
FNDA:10,validateColumnName
FNDA:5,validateChestKey
FNDA:13,suggestName
DA:1,1
DA:4,1
DA:5,18
DA:6,18
DA:7,18
DA:8,6
DA:9,6
DA:10,18
DA:11,9
DA:12,9
DA:14,1
DA:15,6
DA:16,6
DA:17,6
DA:18,3
DA:19,3
DA:21,1
DA:22,10
DA:23,6
DA:24,6
DA:25,4
DA:26,4
DA:28,1
DA:29,5
DA:30,5
DA:31,5
DA:32,2
DA:33,2
DA:36,1
DA:37,13
DA:38,13
DA:39,13
DA:40,502
DA:41,502
DA:42,502
DA:43,1
DA:44,1
LF:37
LH:37
BRDA:4,0,0,18
BRDA:5,1,0,1
BRDA:5,2,0,17
BRDA:6,3,0,1
BRDA:6,4,0,16
BRDA:7,5,0,6
BRDA:9,6,0,10
BRDA:10,7,0,1
BRDA:10,8,0,9
BRDA:14,9,0,6
BRDA:15,10,0,1
BRDA:15,11,0,5
BRDA:16,12,0,1
BRDA:16,13,0,4
BRDA:17,14,0,1
BRDA:17,15,0,3
BRDA:21,16,0,10
BRDA:22,17,0,6
BRDA:24,18,0,4
BRDA:28,19,0,5
BRDA:29,20,0,1
BRDA:29,21,0,4
BRDA:30,22,0,1
BRDA:30,23,0,3
BRDA:31,24,0,1
BRDA:31,25,0,2
BRDA:36,26,0,13
BRDA:38,27,0,10
BRDA:38,28,0,3
BRDA:39,29,0,502
BRDA:41,30,0,2
BRDA:42,31,0,1
BRF:32
BRH:32
end_of_record
TN:
SF:src/lib/wire-matrix.ts
FN:303,key
FN:310,allowedWireTypes
FN:314,allowedWireRules
FN:321,isWireAllowed
FN:325,wireRule
FN:334,canConnect
FN:339,hasOutgoingWires
FN:343,hasIncomingWires
FN:348,connectableTargets
FN:356,explainDenial
FN:373,isInjection
FN:381,impliesRead
FNF:12
FNH:12
FNDA:358,key
FNDA:193,allowedWireTypes
FNDA:2,allowedWireRules
FNDA:261,isWireAllowed
FNDA:45,wireRule
FNDA:19,canConnect
FNDA:4,hasOutgoingWires
FNDA:4,hasIncomingWires
FNDA:3,connectableTargets
FNDA:2,explainDenial
FNDA:26,isInjection
FNDA:13,impliesRead
DA:36,1
DA:38,1
DA:39,1
DA:40,1
DA:41,1
DA:42,1
DA:43,1
DA:44,1
DA:45,1
DA:46,1
DA:47,1
DA:48,1
DA:49,1
DA:50,1
DA:51,1
DA:52,1
DA:53,1
DA:54,1
DA:55,1
DA:56,1
DA:57,1
DA:58,1
DA:59,1
DA:60,1
DA:61,1
DA:62,1
DA:63,1
DA:64,1
DA:65,1
DA:66,1
DA:67,1
DA:68,1
DA:69,1
DA:70,1
DA:71,1
DA:72,1
DA:73,1
DA:74,1
DA:75,1
DA:76,1
DA:77,1
DA:78,1
DA:79,1
DA:80,1
DA:81,1
DA:82,1
DA:83,1
DA:84,1
DA:85,1
DA:86,1
DA:87,1
DA:88,1
DA:89,1
DA:90,1
DA:91,1
DA:92,1
DA:93,1
DA:94,1
DA:95,1
DA:96,1
DA:97,1
DA:98,1
DA:99,1
DA:100,1
DA:101,1
DA:102,1
DA:103,1
DA:104,1
DA:105,1
DA:106,1
DA:107,1
DA:108,1
DA:109,1
DA:110,1
DA:111,1
DA:112,1
DA:113,1
DA:114,1
DA:115,1
DA:116,1
DA:117,1
DA:118,1
DA:119,1
DA:120,1
DA:121,1
DA:122,1
DA:123,1
DA:124,1
DA:125,1
DA:126,1
DA:127,1
DA:128,1
DA:129,1
DA:130,1
DA:131,1
DA:132,1
DA:133,1
DA:134,1
DA:135,1
DA:136,1
DA:137,1
DA:138,1
DA:139,1
DA:140,1
DA:141,1
DA:142,1
DA:143,1
DA:146,1
DA:147,1
DA:148,1
DA:149,1
DA:150,1
DA:151,1
DA:152,1
DA:153,1
DA:154,1
DA:155,1
DA:158,1
DA:159,1
DA:160,1
DA:161,1
DA:162,1
DA:163,1
DA:164,1
DA:165,1
DA:166,1
DA:167,1
DA:168,1
DA:169,1
DA:170,1
DA:171,1
DA:172,1
DA:173,1
DA:174,1
DA:175,1
DA:176,1
DA:177,1
DA:178,1
DA:179,1
DA:180,1
DA:181,1
DA:182,1
DA:183,1
DA:184,1
DA:186,1
DA:187,1
DA:188,1
DA:189,1
DA:190,1
DA:191,1
DA:192,1
DA:193,1
DA:194,1
DA:197,1
DA:198,1
DA:199,1
DA:200,1
DA:201,1
DA:202,1
DA:203,1
DA:204,1
DA:205,1
DA:206,1
DA:207,1
DA:208,1
DA:209,1
DA:210,1
DA:211,1
DA:212,1
DA:213,1
DA:214,1
DA:215,1
DA:216,1
DA:217,1
DA:218,1
DA:219,1
DA:220,1
DA:221,1
DA:222,1
DA:223,1
DA:224,1
DA:225,1
DA:226,1
DA:227,1
DA:228,1
DA:229,1
DA:230,1
DA:231,1
DA:232,1
DA:233,1
DA:234,1
DA:235,1
DA:236,1
DA:237,1
DA:238,1
DA:239,1
DA:240,1
DA:241,1
DA:242,1
DA:243,1
DA:244,1
DA:245,1
DA:246,1
DA:247,1
DA:248,1
DA:249,1
DA:250,1
DA:251,1
DA:252,1
DA:253,1
DA:254,1
DA:255,1
DA:256,1
DA:257,1
DA:258,1
DA:259,1
DA:260,1
DA:261,1
DA:262,1
DA:263,1
DA:264,1
DA:265,1
DA:266,1
DA:267,1
DA:268,1
DA:269,1
DA:270,1
DA:271,1
DA:272,1
DA:273,1
DA:274,1
DA:275,1
DA:276,1
DA:277,1
DA:278,1
DA:279,1
DA:280,1
DA:283,1
DA:284,1
DA:285,1
DA:286,1
DA:287,1
DA:288,1
DA:289,1
DA:290,1
DA:291,1
DA:292,1
DA:298,1
DA:299,52
DA:300,52
DA:301,1
DA:303,1
DA:305,1
DA:306,1
DA:307,1
DA:310,1
DA:311,193
DA:312,193
DA:314,1
DA:315,2
DA:316,2
DA:317,2
DA:318,2
DA:319,2
DA:321,1
DA:322,261
DA:323,261
DA:325,1
DA:326,45
DA:327,45
DA:328,45
DA:329,45
DA:330,45
DA:331,45
DA:334,1
DA:335,19
DA:336,19
DA:339,1
DA:340,4
DA:341,4
DA:343,1
DA:344,4
DA:345,4
DA:348,1
DA:349,3
DA:350,3
DA:356,1
DA:357,2
DA:358,2
DA:359,2
DA:360,2
DA:362,2
DA:363,2
DA:364,2
DA:365,2
DA:366,1
DA:367,1
DA:368,2
DA:369,1
DA:370,1
DA:373,1
DA:374,26
DA:375,26
DA:381,1
DA:382,13
DA:383,13
LF:306
LH:306
BRDA:298,0,0,52
BRDA:303,1,0,358
BRDA:306,2,0,52
BRDA:310,3,0,193
BRDA:311,4,0,5018
BRDA:311,5,0,624
BRDA:311,6,0,70
BRDA:314,7,0,2
BRDA:318,8,0,52
BRDA:318,9,0,22
BRDA:321,10,0,261
BRDA:325,11,0,45
BRDA:334,12,0,19
BRDA:339,13,0,4
BRDA:340,14,0,104
BRDA:343,15,0,4
BRDA:344,16,0,44
BRDA:348,17,0,3
BRDA:349,18,0,78
BRDA:349,19,0,12
BRDA:356,20,0,2
BRDA:365,21,0,1
BRDA:368,22,0,0
BRDA:368,23,0,1
BRDA:373,24,0,26
BRDA:381,25,0,13
BRDA:382,26,0,8
BRDA:382,27,0,6
BRDA:382,28,0,7
BRF:29
BRH:28
end_of_record
